
                                      ARENA Simulation Results
                                   Lucas Cunha - License: STUDENT

                                  Sumário para Replicação 1 de 1

Projeto: Unnamed Project                                             Data da execução : 5/21/2021
Analista: Lucas Cunha                                                 Data de revisão do modelo: 5/21/2021

Replicação terminada no tempo de      : 24.0 Horas (Saturday, May 22, 2021, 09:37:37)
Unidade de Tempo Base: Horas

                                           VARIÁVEIS DE REGISTRO

Identificador                                  Média   Meia Largura  Mínimo    Máximo   Observações
___________________________________________________________________________________________________

Produto_A.VATime                            1.0258     (Insuf)    .59468     1.3501         18    
Produto_A.NVATime                           .00000     (Insuf)    .00000     .00000         18    
Produto_A.WaitTime                          6.2309     (Insuf)    .00000     9.4708         18    
Produto_A.TranTime                          .00000     (Insuf)    .00000     .00000         18    
Produto_A.OtherTime                         .00000     (Insuf)    .00000     .00000         18    
Produto_A.TotalTime                         7.2567     (Insuf)    .92386     10.522         18    
Produto_B.VATime                            1.7338     (Insuf)    1.3862     1.9774          5    
Produto_B.NVATime                           .00000     (Insuf)    .00000     .00000          5    
Produto_B.WaitTime                          4.8145     (Insuf)    .92386     8.5907          5    
Produto_B.TranTime                          .00000     (Insuf)    .00000     .00000          5    
Produto_B.OtherTime                         .00000     (Insuf)    .00000     .00000          5    
Produto_B.TotalTime                         6.5484     (Insuf)    2.9013     10.214          5    
PINTURA.Queue.WaitingTime                   .00000     (Insuf)    .00000     .00000          5    
INSPECAO.Queue.WaitingTime                  5.9516     (Insuf)    .00000     9.4708         24    

                                     VARIÁVEIS DISCRETAS

Identificador                                 Média   Meia Largura  Mínimo    Máximo   Valor Final
___________________________________________________________________________________________________

Produto_A.WIP                               6.4144     (Insuf)    .00000     10.000     7.0000    
Produto_B.WIP                               2.0269     (Insuf)    .00000     4.0000     3.0000    
Pintar.NumberBusy                           .14137     (Insuf)    .00000     1.0000     .00000    
Pintar.NumberScheduled                      1.0000     (Insuf)    1.0000     1.0000     1.0000    
Pintar.Utilization                          .14137     (Insuf)    .00000     1.0000     .00000    
Inspecionar.NumberBusy                      1.0000     (Insuf)    .00000     1.0000     1.0000    
Inspecionar.NumberScheduled                 1.0000     (Insuf)    1.0000     1.0000     1.0000    
Inspecionar.Utilization                     1.0000     (Insuf)    .00000     1.0000     1.0000    
PINTURA.Queue.NumberInQueue                 .00000     (Insuf)    .00000     .00000     .00000    
INSPECAO.Queue.NumberInQueue                7.3000     (Insuf)    .00000     10.000     9.0000    

                                             RESULTADOS

Identificador                                   Valor
_____________________________________________________________

Produto_A.NumberIn                          25.000    
Produto_A.NumberOut                         18.000    
Produto_B.NumberIn                          8.0000    
Produto_B.NumberOut                         5.0000    
Pintar.NumberSeized                         5.0000    
Pintar.ScheduledUtilization                 .14137    
Inspecionar.NumberSeized                    24.000    
Inspecionar.ScheduledUtilization            1.0000    
System.NumberOut                            23.000    


Tempo executando a simulação: 0.05 minutos.
Simulação completada.
